<?xml version="1.0" encoding="UTF-8"?>
<!-- Generated by org.testng.reporters.JUnitXMLReporter -->
<testsuite hostname="BLR002355" name="Validating Title In The Home Page" tests="1" failures="1" timestamp="20 Jan 2020 04:32:41 GMT" time="8.85" errors="0">
  <testcase name="titleValidation" time="0.038" classname="Academy.validateTitle">
    <failure type="java.lang.AssertionError" message="expected [FEATURED COURSE] but found [FEATURED COURSES]">
      <![CDATA[java.lang.AssertionError: expected [FEATURED COURSE] but found [FEATURED COURSES]
	at Academy.validateTitle.titleValidation(validateTitle.java:35)
... Removed 29 stack frames]]>
    </failure>
  </testcase> <!-- titleValidation -->
</testsuite> <!-- Validating Title In The Home Page -->
