<?xml version="1.0" encoding="UTF-8"?>
<!-- Generated by org.testng.reporters.JUnitXMLReporter -->
<testsuite hostname="BLR002355" failures="0" tests="4" name="Test" time="44.852" errors="0" timestamp="19 Jan 2020 05:59:40 GMT">
  <testcase classname="Academy.validateNavigationBar" name="basePageNavigation" time="0.06"/>
  <testcase classname="Academy.HomePage" name="basePageNavigation" time="15.841"/>
  <testcase classname="Academy.HomePage" name="basePageNavigation" time="7.122"/>
  <testcase classname="Academy.validateTitle" name="basePageNavigation" time="0.031"/>
</testsuite> <!-- Test -->
